(tbigot)Running: start_machine
(tbigot)Running: boil_water
(tbigot)Running: make_coffee
(tbigot)Running: add_water
(tbigot)Running: start_machine
(tbigot)Running: boil_water
(tbigot)Running: make_coffee
(tbigot)Running: add_water
(tbigot)Running: start_machine
(tbigot)Running: boil_water
(tbigot)Running: make_coffee
(tbigot)Running: add_water
(tbigot)Running: noting
(tbigot)Running: start_machine
(tbigot)Running: boil_water
(tbigot)Running: make_coffee
(tbigot)Running: add_water
(tbigot)Running: noting
(tbigot)Running: start_machine
(tbigot)Running: boil_water
(tbigot)Running: make_coffee
(tbigot)Running: add_water
(tbigot)Running: noting
(tbigot)Running: start_machine
(tbigot)Running: boil_water
(tbigot)Running: make_coffee
(tbigot)Running: add_water
(tbigot)Running: noting
(tbigot)Running: start_machine
(tbigot)Running: boil_water
(tbigot)Running: make_coffee
(tbigot)Running: add_water
(tbigot)Running: start_machine
(tbigot)Running: boil_water
(tbigot)Running: make_coffee
(tbigot)Running: add_water
